Performing C++ SOURCE FILE Test DEPRECATED_COPY_FLAG failed with the following output:
Change Dir: /Users/janicduplessis/Developer/react-native/ReactAndroid/hermes-engine/.cxx/MinSizeRel/1g696kf7/armeabi-v7a/CMakeFiles/CMakeTmp

Run Build Command:"/Users/janicduplessis/Library/Android/sdk/cmake/3.10.2.4988404/bin/ninja" "cmTC_5108f"
[1/2] Building CXX object CMakeFiles/cmTC_5108f.dir/src.cxx.o
warning: unknown warning option '-Wdeprecated-copy'; did you mean '-Wdeprecated'? [-Wunknown-warning-option]
1 warning generated.
[2/2] Linking CXX executable cmTC_5108f

Source file was:
int main() { return 0; }
Performing C++ SOURCE FILE Test CXX_SUPPORTS_CLASS_MEMACCESS_FLAG failed with the following output:
Change Dir: /Users/janicduplessis/Developer/react-native/ReactAndroid/hermes-engine/.cxx/MinSizeRel/1g696kf7/armeabi-v7a/CMakeFiles/CMakeTmp

Run Build Command:"/Users/janicduplessis/Library/Android/sdk/cmake/3.10.2.4988404/bin/ninja" "cmTC_2de8a"
[1/2] Building CXX object CMakeFiles/cmTC_2de8a.dir/src.cxx.o
warning: unknown warning option '-Wclass-memaccess'; did you mean '-Wclass-varargs'? [-Wunknown-warning-option]
1 warning generated.
[2/2] Linking CXX executable cmTC_2de8a

Source file was:
int main() { return 0; }
Performing C++ SOURCE FILE Test HAVE_GC_SECTIONS failed with the following output:
Change Dir: /Users/janicduplessis/Developer/react-native/ReactAndroid/hermes-engine/.cxx/MinSizeRel/1g696kf7/armeabi-v7a/CMakeFiles/CMakeTmp

Run Build Command:"/Users/janicduplessis/Library/Android/sdk/cmake/3.10.2.4988404/bin/ninja" "cmTC_81640"
[1/2] Building CXX object CMakeFiles/cmTC_81640.dir/src.cxx.o
[2/2] Linking CXX executable cmTC_81640
FAILED: cmTC_81640 
: && /Users/janicduplessis/Library/Android/sdk/ndk/21.4.7075529/toolchains/llvm/prebuilt/darwin-x86_64/bin/clang++ --target=armv7-none-linux-androideabi21 --gcc-toolchain=/Users/janicduplessis/Library/Android/sdk/ndk/21.4.7075529/toolchains/llvm/prebuilt/darwin-x86_64 --sysroot=/Users/janicduplessis/Library/Android/sdk/ndk/21.4.7075529/toolchains/llvm/prebuilt/darwin-x86_64/sysroot  -g -DANDROID -fdata-sections -ffunction-sections -funwind-tables -fstack-protector-strong -no-canonical-prefixes -D_FORTIFY_SOURCE=2 -march=armv7-a -mthumb -Wformat -Werror=format-security   -Wall -Wextra -Wno-unused-parameter -Wwrite-strings -Wcast-qual -Wmissing-field-initializers -Wno-noexcept-type -Wnon-virtual-dtor -Wdelete-non-virtual-dtor -Wno-range-loop-analysis -DHAVE_GC_SECTIONS  --gc-sections CMakeFiles/cmTC_81640.dir/src.cxx.o  -o cmTC_81640  -latomic -lm && :
clang++: error: unsupported option '--gc-sections'
ninja: build stopped: subcommand failed.

Source file was:
int main() { return 0; }
Determining if the include file malloc/malloc.h exists failed with the following output:
Change Dir: /Users/janicduplessis/Developer/react-native/ReactAndroid/hermes-engine/.cxx/MinSizeRel/1g696kf7/armeabi-v7a/CMakeFiles/CMakeTmp

Run Build Command:"/Users/janicduplessis/Library/Android/sdk/cmake/3.10.2.4988404/bin/ninja" "cmTC_9dbd8"
[1/2] Building C object CMakeFiles/cmTC_9dbd8.dir/CheckIncludeFile.c.o
FAILED: CMakeFiles/cmTC_9dbd8.dir/CheckIncludeFile.c.o 
/Users/janicduplessis/Library/Android/sdk/ndk/21.4.7075529/toolchains/llvm/prebuilt/darwin-x86_64/bin/clang --target=armv7-none-linux-androideabi21 --gcc-toolchain=/Users/janicduplessis/Library/Android/sdk/ndk/21.4.7075529/toolchains/llvm/prebuilt/darwin-x86_64 --sysroot=/Users/janicduplessis/Library/Android/sdk/ndk/21.4.7075529/toolchains/llvm/prebuilt/darwin-x86_64/sysroot   -g -DANDROID -fdata-sections -ffunction-sections -funwind-tables -fstack-protector-strong -no-canonical-prefixes -D_FORTIFY_SOURCE=2 -march=armv7-a -mthumb -Wformat -Werror=format-security  -Wall -Wextra -Wno-unused-parameter -Wwrite-strings -Wmissing-field-initializers -Wdelete-non-virtual-dtor  -fPIE -o CMakeFiles/cmTC_9dbd8.dir/CheckIncludeFile.c.o   -c CheckIncludeFile.c
CheckIncludeFile.c:1:10: fatal error: 'malloc/malloc.h' file not found
#include <malloc/malloc.h>
         ^~~~~~~~~~~~~~~~~
1 error generated.
ninja: build stopped: subcommand failed.


Determining if the include file valgrind/valgrind.h exists failed with the following output:
Change Dir: /Users/janicduplessis/Developer/react-native/ReactAndroid/hermes-engine/.cxx/MinSizeRel/1g696kf7/armeabi-v7a/CMakeFiles/CMakeTmp

Run Build Command:"/Users/janicduplessis/Library/Android/sdk/cmake/3.10.2.4988404/bin/ninja" "cmTC_5eadc"
[1/2] Building C object CMakeFiles/cmTC_5eadc.dir/CheckIncludeFile.c.o
FAILED: CMakeFiles/cmTC_5eadc.dir/CheckIncludeFile.c.o 
/Users/janicduplessis/Library/Android/sdk/ndk/21.4.7075529/toolchains/llvm/prebuilt/darwin-x86_64/bin/clang --target=armv7-none-linux-androideabi21 --gcc-toolchain=/Users/janicduplessis/Library/Android/sdk/ndk/21.4.7075529/toolchains/llvm/prebuilt/darwin-x86_64 --sysroot=/Users/janicduplessis/Library/Android/sdk/ndk/21.4.7075529/toolchains/llvm/prebuilt/darwin-x86_64/sysroot   -g -DANDROID -fdata-sections -ffunction-sections -funwind-tables -fstack-protector-strong -no-canonical-prefixes -D_FORTIFY_SOURCE=2 -march=armv7-a -mthumb -Wformat -Werror=format-security  -Wall -Wextra -Wno-unused-parameter -Wwrite-strings -Wmissing-field-initializers -Wdelete-non-virtual-dtor  -fPIE -o CMakeFiles/cmTC_5eadc.dir/CheckIncludeFile.c.o   -c CheckIncludeFile.c
CheckIncludeFile.c:1:10: fatal error: 'valgrind/valgrind.h' file not found
#include <valgrind/valgrind.h>
         ^~~~~~~~~~~~~~~~~~~~~
1 error generated.
ninja: build stopped: subcommand failed.


Determining if the include file mach/mach.h exists failed with the following output:
Change Dir: /Users/janicduplessis/Developer/react-native/ReactAndroid/hermes-engine/.cxx/MinSizeRel/1g696kf7/armeabi-v7a/CMakeFiles/CMakeTmp

Run Build Command:"/Users/janicduplessis/Library/Android/sdk/cmake/3.10.2.4988404/bin/ninja" "cmTC_6bbc1"
[1/2] Building C object CMakeFiles/cmTC_6bbc1.dir/CheckIncludeFile.c.o
FAILED: CMakeFiles/cmTC_6bbc1.dir/CheckIncludeFile.c.o 
/Users/janicduplessis/Library/Android/sdk/ndk/21.4.7075529/toolchains/llvm/prebuilt/darwin-x86_64/bin/clang --target=armv7-none-linux-androideabi21 --gcc-toolchain=/Users/janicduplessis/Library/Android/sdk/ndk/21.4.7075529/toolchains/llvm/prebuilt/darwin-x86_64 --sysroot=/Users/janicduplessis/Library/Android/sdk/ndk/21.4.7075529/toolchains/llvm/prebuilt/darwin-x86_64/sysroot   -g -DANDROID -fdata-sections -ffunction-sections -funwind-tables -fstack-protector-strong -no-canonical-prefixes -D_FORTIFY_SOURCE=2 -march=armv7-a -mthumb -Wformat -Werror=format-security  -Wall -Wextra -Wno-unused-parameter -Wwrite-strings -Wmissing-field-initializers -Wdelete-non-virtual-dtor  -fPIE -o CMakeFiles/cmTC_6bbc1.dir/CheckIncludeFile.c.o   -c CheckIncludeFile.c
CheckIncludeFile.c:1:10: fatal error: 'mach/mach.h' file not found
#include <mach/mach.h>
         ^~~~~~~~~~~~~
1 error generated.
ninja: build stopped: subcommand failed.


Determining if the include file histedit.h exists failed with the following output:
Change Dir: /Users/janicduplessis/Developer/react-native/ReactAndroid/hermes-engine/.cxx/MinSizeRel/1g696kf7/armeabi-v7a/CMakeFiles/CMakeTmp

Run Build Command:"/Users/janicduplessis/Library/Android/sdk/cmake/3.10.2.4988404/bin/ninja" "cmTC_cc11e"
[1/2] Building C object CMakeFiles/cmTC_cc11e.dir/CheckIncludeFile.c.o
FAILED: CMakeFiles/cmTC_cc11e.dir/CheckIncludeFile.c.o 
/Users/janicduplessis/Library/Android/sdk/ndk/21.4.7075529/toolchains/llvm/prebuilt/darwin-x86_64/bin/clang --target=armv7-none-linux-androideabi21 --gcc-toolchain=/Users/janicduplessis/Library/Android/sdk/ndk/21.4.7075529/toolchains/llvm/prebuilt/darwin-x86_64 --sysroot=/Users/janicduplessis/Library/Android/sdk/ndk/21.4.7075529/toolchains/llvm/prebuilt/darwin-x86_64/sysroot   -g -DANDROID -fdata-sections -ffunction-sections -funwind-tables -fstack-protector-strong -no-canonical-prefixes -D_FORTIFY_SOURCE=2 -march=armv7-a -mthumb -Wformat -Werror=format-security  -Wall -Wextra -Wno-unused-parameter -Wwrite-strings -Wmissing-field-initializers -Wdelete-non-virtual-dtor  -fPIE -o CMakeFiles/cmTC_cc11e.dir/CheckIncludeFile.c.o   -c CheckIncludeFile.c
CheckIncludeFile.c:1:10: fatal error: 'histedit.h' file not found
#include <histedit.h>
         ^~~~~~~~~~~~
1 error generated.
ninja: build stopped: subcommand failed.


Determining if the include file CrashReporterClient.h exists failed with the following output:
Change Dir: /Users/janicduplessis/Developer/react-native/ReactAndroid/hermes-engine/.cxx/MinSizeRel/1g696kf7/armeabi-v7a/CMakeFiles/CMakeTmp

Run Build Command:"/Users/janicduplessis/Library/Android/sdk/cmake/3.10.2.4988404/bin/ninja" "cmTC_4c115"
[1/2] Building C object CMakeFiles/cmTC_4c115.dir/CheckIncludeFile.c.o
FAILED: CMakeFiles/cmTC_4c115.dir/CheckIncludeFile.c.o 
/Users/janicduplessis/Library/Android/sdk/ndk/21.4.7075529/toolchains/llvm/prebuilt/darwin-x86_64/bin/clang --target=armv7-none-linux-androideabi21 --gcc-toolchain=/Users/janicduplessis/Library/Android/sdk/ndk/21.4.7075529/toolchains/llvm/prebuilt/darwin-x86_64 --sysroot=/Users/janicduplessis/Library/Android/sdk/ndk/21.4.7075529/toolchains/llvm/prebuilt/darwin-x86_64/sysroot   -g -DANDROID -fdata-sections -ffunction-sections -funwind-tables -fstack-protector-strong -no-canonical-prefixes -D_FORTIFY_SOURCE=2 -march=armv7-a -mthumb -Wformat -Werror=format-security  -Wall -Wextra -Wno-unused-parameter -Wwrite-strings -Wmissing-field-initializers -Wdelete-non-virtual-dtor  -fPIE -o CMakeFiles/cmTC_4c115.dir/CheckIncludeFile.c.o   -c CheckIncludeFile.c
CheckIncludeFile.c:1:10: fatal error: 'CrashReporterClient.h' file not found
#include <CrashReporterClient.h>
         ^~~~~~~~~~~~~~~~~~~~~~~
1 error generated.
ninja: build stopped: subcommand failed.


Determining if the function pthread_create exists in the pthread failed with the following output:
Change Dir: /Users/janicduplessis/Developer/react-native/ReactAndroid/hermes-engine/.cxx/MinSizeRel/1g696kf7/armeabi-v7a/CMakeFiles/CMakeTmp

Run Build Command:"/Users/janicduplessis/Library/Android/sdk/cmake/3.10.2.4988404/bin/ninja" "cmTC_ecda4"
[1/2] Building C object CMakeFiles/cmTC_ecda4.dir/CheckFunctionExists.c.o
/Users/janicduplessis/Library/Android/sdk/cmake/3.10.2.4988404/share/cmake-3.10/Modules/CheckFunctionExists.c:7:3: warning: declaration of built-in function 'pthread_create' requires inclusion of the header <pthread.h> [-Wbuiltin-requires-header]
  CHECK_FUNCTION_EXISTS(void);
  ^
<command line>:3:31: note: expanded from here
#define CHECK_FUNCTION_EXISTS pthread_create
                              ^
1 warning generated.
[2/2] Linking C executable cmTC_ecda4
FAILED: cmTC_ecda4 
: && /Users/janicduplessis/Library/Android/sdk/ndk/21.4.7075529/toolchains/llvm/prebuilt/darwin-x86_64/bin/clang --target=armv7-none-linux-androideabi21 --gcc-toolchain=/Users/janicduplessis/Library/Android/sdk/ndk/21.4.7075529/toolchains/llvm/prebuilt/darwin-x86_64 --sysroot=/Users/janicduplessis/Library/Android/sdk/ndk/21.4.7075529/toolchains/llvm/prebuilt/darwin-x86_64/sysroot -g -DANDROID -fdata-sections -ffunction-sections -funwind-tables -fstack-protector-strong -no-canonical-prefixes -D_FORTIFY_SOURCE=2 -march=armv7-a -mthumb -Wformat -Werror=format-security  -Wall -Wextra -Wno-unused-parameter -Wwrite-strings -Wmissing-field-initializers -Wdelete-non-virtual-dtor -DCHECK_FUNCTION_EXISTS=pthread_create  -Wl,--exclude-libs,libgcc.a -Wl,--exclude-libs,libgcc_real.a -Wl,--exclude-libs,libatomic.a -Wl,--build-id -Wl,--fatal-warnings -Wl,--exclude-libs,libunwind.a -Wl,--no-undefined -Qunused-arguments -Wl,--gc-sections CMakeFiles/cmTC_ecda4.dir/CheckFunctionExists.c.o  -o cmTC_ecda4  -lpthread -lm -latomic -lm && :
/Users/janicduplessis/Library/Android/sdk/ndk/21.4.7075529/toolchains/llvm/prebuilt/darwin-x86_64/lib/gcc/arm-linux-androideabi/4.9.x/../../../../arm-linux-androideabi/bin/ld: error: cannot find -lpthread
clang: error: linker command failed with exit code 1 (use -v to see invocation)
ninja: build stopped: subcommand failed.


Determining if the function clock_gettime exists in the rt failed with the following output:
Change Dir: /Users/janicduplessis/Developer/react-native/ReactAndroid/hermes-engine/.cxx/MinSizeRel/1g696kf7/armeabi-v7a/CMakeFiles/CMakeTmp

Run Build Command:"/Users/janicduplessis/Library/Android/sdk/cmake/3.10.2.4988404/bin/ninja" "cmTC_81ceb"
[1/2] Building C object CMakeFiles/cmTC_81ceb.dir/CheckFunctionExists.c.o
[2/2] Linking C executable cmTC_81ceb
FAILED: cmTC_81ceb 
: && /Users/janicduplessis/Library/Android/sdk/ndk/21.4.7075529/toolchains/llvm/prebuilt/darwin-x86_64/bin/clang --target=armv7-none-linux-androideabi21 --gcc-toolchain=/Users/janicduplessis/Library/Android/sdk/ndk/21.4.7075529/toolchains/llvm/prebuilt/darwin-x86_64 --sysroot=/Users/janicduplessis/Library/Android/sdk/ndk/21.4.7075529/toolchains/llvm/prebuilt/darwin-x86_64/sysroot -g -DANDROID -fdata-sections -ffunction-sections -funwind-tables -fstack-protector-strong -no-canonical-prefixes -D_FORTIFY_SOURCE=2 -march=armv7-a -mthumb -Wformat -Werror=format-security  -Wall -Wextra -Wno-unused-parameter -Wwrite-strings -Wmissing-field-initializers -Wdelete-non-virtual-dtor -DCHECK_FUNCTION_EXISTS=clock_gettime  -Wl,--exclude-libs,libgcc.a -Wl,--exclude-libs,libgcc_real.a -Wl,--exclude-libs,libatomic.a -Wl,--build-id -Wl,--fatal-warnings -Wl,--exclude-libs,libunwind.a -Wl,--no-undefined -Qunused-arguments -Wl,--gc-sections CMakeFiles/cmTC_81ceb.dir/CheckFunctionExists.c.o  -o cmTC_81ceb  -lrt -lm -latomic -lm && :
/Users/janicduplessis/Library/Android/sdk/ndk/21.4.7075529/toolchains/llvm/prebuilt/darwin-x86_64/lib/gcc/arm-linux-androideabi/4.9.x/../../../../arm-linux-androideabi/bin/ld: error: cannot find -lrt
clang: error: linker command failed with exit code 1 (use -v to see invocation)
ninja: build stopped: subcommand failed.


Determining if the function xar_open exists in the xar failed with the following output:
Change Dir: /Users/janicduplessis/Developer/react-native/ReactAndroid/hermes-engine/.cxx/MinSizeRel/1g696kf7/armeabi-v7a/CMakeFiles/CMakeTmp

Run Build Command:"/Users/janicduplessis/Library/Android/sdk/cmake/3.10.2.4988404/bin/ninja" "cmTC_118c1"
[1/2] Building C object CMakeFiles/cmTC_118c1.dir/CheckFunctionExists.c.o
[2/2] Linking C executable cmTC_118c1
FAILED: cmTC_118c1 
: && /Users/janicduplessis/Library/Android/sdk/ndk/21.4.7075529/toolchains/llvm/prebuilt/darwin-x86_64/bin/clang --target=armv7-none-linux-androideabi21 --gcc-toolchain=/Users/janicduplessis/Library/Android/sdk/ndk/21.4.7075529/toolchains/llvm/prebuilt/darwin-x86_64 --sysroot=/Users/janicduplessis/Library/Android/sdk/ndk/21.4.7075529/toolchains/llvm/prebuilt/darwin-x86_64/sysroot -g -DANDROID -fdata-sections -ffunction-sections -funwind-tables -fstack-protector-strong -no-canonical-prefixes -D_FORTIFY_SOURCE=2 -march=armv7-a -mthumb -Wformat -Werror=format-security  -Wall -Wextra -Wno-unused-parameter -Wwrite-strings -Wmissing-field-initializers -Wdelete-non-virtual-dtor -DCHECK_FUNCTION_EXISTS=xar_open  -Wl,--exclude-libs,libgcc.a -Wl,--exclude-libs,libgcc_real.a -Wl,--exclude-libs,libatomic.a -Wl,--build-id -Wl,--fatal-warnings -Wl,--exclude-libs,libunwind.a -Wl,--no-undefined -Qunused-arguments -Wl,--gc-sections CMakeFiles/cmTC_118c1.dir/CheckFunctionExists.c.o  -o cmTC_118c1  -lxar -lm -latomic -lm && :
/Users/janicduplessis/Library/Android/sdk/ndk/21.4.7075529/toolchains/llvm/prebuilt/darwin-x86_64/lib/gcc/arm-linux-androideabi/4.9.x/../../../../arm-linux-androideabi/bin/ld: error: cannot find -lxar
/Users/janicduplessis/Library/Android/sdk/cmake/3.10.2.4988404/share/cmake-3.10/Modules/CheckFunctionExists.c:17: error: undefined reference to 'xar_open'
clang: error: linker command failed with exit code 1 (use -v to see invocation)
ninja: build stopped: subcommand failed.


Determining if the backtrace exist failed with the following output:
Change Dir: /Users/janicduplessis/Developer/react-native/ReactAndroid/hermes-engine/.cxx/MinSizeRel/1g696kf7/armeabi-v7a/CMakeFiles/CMakeTmp

Run Build Command:"/Users/janicduplessis/Library/Android/sdk/cmake/3.10.2.4988404/bin/ninja" "cmTC_06035"
[1/2] Building C object CMakeFiles/cmTC_06035.dir/CheckSymbolExists.c.o
FAILED: CMakeFiles/cmTC_06035.dir/CheckSymbolExists.c.o 
/Users/janicduplessis/Library/Android/sdk/ndk/21.4.7075529/toolchains/llvm/prebuilt/darwin-x86_64/bin/clang --target=armv7-none-linux-androideabi21 --gcc-toolchain=/Users/janicduplessis/Library/Android/sdk/ndk/21.4.7075529/toolchains/llvm/prebuilt/darwin-x86_64 --sysroot=/Users/janicduplessis/Library/Android/sdk/ndk/21.4.7075529/toolchains/llvm/prebuilt/darwin-x86_64/sysroot   -g -DANDROID -fdata-sections -ffunction-sections -funwind-tables -fstack-protector-strong -no-canonical-prefixes -D_FORTIFY_SOURCE=2 -march=armv7-a -mthumb -Wformat -Werror=format-security  -Wall -Wextra -Wno-unused-parameter -Wwrite-strings -Wmissing-field-initializers -Wdelete-non-virtual-dtor  -fPIE -o CMakeFiles/cmTC_06035.dir/CheckSymbolExists.c.o   -c CheckSymbolExists.c
CheckSymbolExists.c:2:10: fatal error: 'execinfo.h' file not found
#include <execinfo.h>
         ^~~~~~~~~~~~
1 error generated.
ninja: build stopped: subcommand failed.

File /Users/janicduplessis/Developer/react-native/ReactAndroid/hermes-engine/.cxx/MinSizeRel/1g696kf7/armeabi-v7a/CMakeFiles/CMakeTmp/CheckSymbolExists.c:
/* */
#include <execinfo.h>

int main(int argc, char** argv)
{
  (void)argv;
#ifndef backtrace
  return ((int*)(&backtrace))[argc];
#else
  (void)argc;
  return 0;
#endif
}

Determining if the futimes exist failed with the following output:
Change Dir: /Users/janicduplessis/Developer/react-native/ReactAndroid/hermes-engine/.cxx/MinSizeRel/1g696kf7/armeabi-v7a/CMakeFiles/CMakeTmp

Run Build Command:"/Users/janicduplessis/Library/Android/sdk/cmake/3.10.2.4988404/bin/ninja" "cmTC_0cab7"
[1/2] Building C object CMakeFiles/cmTC_0cab7.dir/CheckSymbolExists.c.o
FAILED: CMakeFiles/cmTC_0cab7.dir/CheckSymbolExists.c.o 
/Users/janicduplessis/Library/Android/sdk/ndk/21.4.7075529/toolchains/llvm/prebuilt/darwin-x86_64/bin/clang --target=armv7-none-linux-androideabi21 --gcc-toolchain=/Users/janicduplessis/Library/Android/sdk/ndk/21.4.7075529/toolchains/llvm/prebuilt/darwin-x86_64 --sysroot=/Users/janicduplessis/Library/Android/sdk/ndk/21.4.7075529/toolchains/llvm/prebuilt/darwin-x86_64/sysroot   -g -DANDROID -fdata-sections -ffunction-sections -funwind-tables -fstack-protector-strong -no-canonical-prefixes -D_FORTIFY_SOURCE=2 -march=armv7-a -mthumb -Wformat -Werror=format-security  -Wall -Wextra -Wno-unused-parameter -Wwrite-strings -Wmissing-field-initializers -Wdelete-non-virtual-dtor  -Werror=unguarded-availability-new -fPIE -o CMakeFiles/cmTC_0cab7.dir/CheckSymbolExists.c.o   -c CheckSymbolExists.c
CheckSymbolExists.c:8:19: error: use of undeclared identifier 'futimes'; did you mean 'utimes'?
  return ((int*)(&futimes))[argc];
                  ^~~~~~~
                  utimes
/Users/janicduplessis/Library/Android/sdk/ndk/21.4.7075529/toolchains/llvm/prebuilt/darwin-x86_64/sysroot/usr/include/sys/time.h:47:5: note: 'utimes' declared here
int utimes(const char* __path, const struct timeval __times[2]);
    ^
1 error generated.
ninja: build stopped: subcommand failed.

File /Users/janicduplessis/Developer/react-native/ReactAndroid/hermes-engine/.cxx/MinSizeRel/1g696kf7/armeabi-v7a/CMakeFiles/CMakeTmp/CheckSymbolExists.c:
/* */
#include <sys/time.h>

int main(int argc, char** argv)
{
  (void)argv;
#ifndef futimes
  return ((int*)(&futimes))[argc];
#else
  (void)argc;
  return 0;
#endif
}

Determining if the mallctl exist failed with the following output:
Change Dir: /Users/janicduplessis/Developer/react-native/ReactAndroid/hermes-engine/.cxx/MinSizeRel/1g696kf7/armeabi-v7a/CMakeFiles/CMakeTmp

Run Build Command:"/Users/janicduplessis/Library/Android/sdk/cmake/3.10.2.4988404/bin/ninja" "cmTC_78b94"
[1/2] Building C object CMakeFiles/cmTC_78b94.dir/CheckSymbolExists.c.o
FAILED: CMakeFiles/cmTC_78b94.dir/CheckSymbolExists.c.o 
/Users/janicduplessis/Library/Android/sdk/ndk/21.4.7075529/toolchains/llvm/prebuilt/darwin-x86_64/bin/clang --target=armv7-none-linux-androideabi21 --gcc-toolchain=/Users/janicduplessis/Library/Android/sdk/ndk/21.4.7075529/toolchains/llvm/prebuilt/darwin-x86_64 --sysroot=/Users/janicduplessis/Library/Android/sdk/ndk/21.4.7075529/toolchains/llvm/prebuilt/darwin-x86_64/sysroot   -g -DANDROID -fdata-sections -ffunction-sections -funwind-tables -fstack-protector-strong -no-canonical-prefixes -D_FORTIFY_SOURCE=2 -march=armv7-a -mthumb -Wformat -Werror=format-security  -Wall -Wextra -Wno-unused-parameter -Wwrite-strings -Wmissing-field-initializers -Wdelete-non-virtual-dtor  -Werror=unguarded-availability-new -fPIE -o CMakeFiles/cmTC_78b94.dir/CheckSymbolExists.c.o   -c CheckSymbolExists.c
CheckSymbolExists.c:2:10: fatal error: 'malloc_np.h' file not found
#include <malloc_np.h>
         ^~~~~~~~~~~~~
1 error generated.
ninja: build stopped: subcommand failed.

File /Users/janicduplessis/Developer/react-native/ReactAndroid/hermes-engine/.cxx/MinSizeRel/1g696kf7/armeabi-v7a/CMakeFiles/CMakeTmp/CheckSymbolExists.c:
/* */
#include <malloc_np.h>

int main(int argc, char** argv)
{
  (void)argv;
#ifndef mallctl
  return ((int*)(&mallctl))[argc];
#else
  (void)argc;
  return 0;
#endif
}

Determining if the malloc_zone_statistics exist failed with the following output:
Change Dir: /Users/janicduplessis/Developer/react-native/ReactAndroid/hermes-engine/.cxx/MinSizeRel/1g696kf7/armeabi-v7a/CMakeFiles/CMakeTmp

Run Build Command:"/Users/janicduplessis/Library/Android/sdk/cmake/3.10.2.4988404/bin/ninja" "cmTC_d41cf"
[1/2] Building C object CMakeFiles/cmTC_d41cf.dir/CheckSymbolExists.c.o
FAILED: CMakeFiles/cmTC_d41cf.dir/CheckSymbolExists.c.o 
/Users/janicduplessis/Library/Android/sdk/ndk/21.4.7075529/toolchains/llvm/prebuilt/darwin-x86_64/bin/clang --target=armv7-none-linux-androideabi21 --gcc-toolchain=/Users/janicduplessis/Library/Android/sdk/ndk/21.4.7075529/toolchains/llvm/prebuilt/darwin-x86_64 --sysroot=/Users/janicduplessis/Library/Android/sdk/ndk/21.4.7075529/toolchains/llvm/prebuilt/darwin-x86_64/sysroot   -g -DANDROID -fdata-sections -ffunction-sections -funwind-tables -fstack-protector-strong -no-canonical-prefixes -D_FORTIFY_SOURCE=2 -march=armv7-a -mthumb -Wformat -Werror=format-security  -Wall -Wextra -Wno-unused-parameter -Wwrite-strings -Wmissing-field-initializers -Wdelete-non-virtual-dtor  -Werror=unguarded-availability-new -fPIE -o CMakeFiles/cmTC_d41cf.dir/CheckSymbolExists.c.o   -c CheckSymbolExists.c
CheckSymbolExists.c:2:10: fatal error: 'malloc/malloc.h' file not found
#include <malloc/malloc.h>
         ^~~~~~~~~~~~~~~~~
1 error generated.
ninja: build stopped: subcommand failed.

File /Users/janicduplessis/Developer/react-native/ReactAndroid/hermes-engine/.cxx/MinSizeRel/1g696kf7/armeabi-v7a/CMakeFiles/CMakeTmp/CheckSymbolExists.c:
/* */
#include <malloc/malloc.h>

int main(int argc, char** argv)
{
  (void)argv;
#ifndef malloc_zone_statistics
  return ((int*)(&malloc_zone_statistics))[argc];
#else
  (void)argc;
  return 0;
#endif
}

Determining if the posix_spawn exist failed with the following output:
Change Dir: /Users/janicduplessis/Developer/react-native/ReactAndroid/hermes-engine/.cxx/MinSizeRel/1g696kf7/armeabi-v7a/CMakeFiles/CMakeTmp

Run Build Command:"/Users/janicduplessis/Library/Android/sdk/cmake/3.10.2.4988404/bin/ninja" "cmTC_8316a"
[1/2] Building C object CMakeFiles/cmTC_8316a.dir/CheckSymbolExists.c.o
FAILED: CMakeFiles/cmTC_8316a.dir/CheckSymbolExists.c.o 
/Users/janicduplessis/Library/Android/sdk/ndk/21.4.7075529/toolchains/llvm/prebuilt/darwin-x86_64/bin/clang --target=armv7-none-linux-androideabi21 --gcc-toolchain=/Users/janicduplessis/Library/Android/sdk/ndk/21.4.7075529/toolchains/llvm/prebuilt/darwin-x86_64 --sysroot=/Users/janicduplessis/Library/Android/sdk/ndk/21.4.7075529/toolchains/llvm/prebuilt/darwin-x86_64/sysroot   -g -DANDROID -fdata-sections -ffunction-sections -funwind-tables -fstack-protector-strong -no-canonical-prefixes -D_FORTIFY_SOURCE=2 -march=armv7-a -mthumb -Wformat -Werror=format-security  -Wall -Wextra -Wno-unused-parameter -Wwrite-strings -Wmissing-field-initializers -Wdelete-non-virtual-dtor  -Werror=unguarded-availability-new -fPIE -o CMakeFiles/cmTC_8316a.dir/CheckSymbolExists.c.o   -c CheckSymbolExists.c
CheckSymbolExists.c:8:19: error: use of undeclared identifier 'posix_spawn'
  return ((int*)(&posix_spawn))[argc];
                  ^
1 error generated.
ninja: build stopped: subcommand failed.

File /Users/janicduplessis/Developer/react-native/ReactAndroid/hermes-engine/.cxx/MinSizeRel/1g696kf7/armeabi-v7a/CMakeFiles/CMakeTmp/CheckSymbolExists.c:
/* */
#include <spawn.h>

int main(int argc, char** argv)
{
  (void)argv;
#ifndef posix_spawn
  return ((int*)(&posix_spawn))[argc];
#else
  (void)argc;
  return 0;
#endif
}

Determining if the strerror_s exist failed with the following output:
Change Dir: /Users/janicduplessis/Developer/react-native/ReactAndroid/hermes-engine/.cxx/MinSizeRel/1g696kf7/armeabi-v7a/CMakeFiles/CMakeTmp

Run Build Command:"/Users/janicduplessis/Library/Android/sdk/cmake/3.10.2.4988404/bin/ninja" "cmTC_1dd55"
[1/2] Building C object CMakeFiles/cmTC_1dd55.dir/CheckSymbolExists.c.o
FAILED: CMakeFiles/cmTC_1dd55.dir/CheckSymbolExists.c.o 
/Users/janicduplessis/Library/Android/sdk/ndk/21.4.7075529/toolchains/llvm/prebuilt/darwin-x86_64/bin/clang --target=armv7-none-linux-androideabi21 --gcc-toolchain=/Users/janicduplessis/Library/Android/sdk/ndk/21.4.7075529/toolchains/llvm/prebuilt/darwin-x86_64 --sysroot=/Users/janicduplessis/Library/Android/sdk/ndk/21.4.7075529/toolchains/llvm/prebuilt/darwin-x86_64/sysroot   -g -DANDROID -fdata-sections -ffunction-sections -funwind-tables -fstack-protector-strong -no-canonical-prefixes -D_FORTIFY_SOURCE=2 -march=armv7-a -mthumb -Wformat -Werror=format-security  -Wall -Wextra -Wno-unused-parameter -Wwrite-strings -Wmissing-field-initializers -Wdelete-non-virtual-dtor  -Werror=unguarded-availability-new -fPIE -o CMakeFiles/cmTC_1dd55.dir/CheckSymbolExists.c.o   -c CheckSymbolExists.c
CheckSymbolExists.c:8:19: error: use of undeclared identifier 'strerror_s'; did you mean 'strerror_r'?
  return ((int*)(&strerror_s))[argc];
                  ^~~~~~~~~~
                  strerror_r
/Users/janicduplessis/Library/Android/sdk/ndk/21.4.7075529/toolchains/llvm/prebuilt/darwin-x86_64/sysroot/usr/include/string.h:131:5: note: 'strerror_r' declared here
int strerror_r(int __errno_value, char* __buf, size_t __n);
    ^
1 error generated.
ninja: build stopped: subcommand failed.

File /Users/janicduplessis/Developer/react-native/ReactAndroid/hermes-engine/.cxx/MinSizeRel/1g696kf7/armeabi-v7a/CMakeFiles/CMakeTmp/CheckSymbolExists.c:
/* */
#include <string.h>

int main(int argc, char** argv)
{
  (void)argv;
#ifndef strerror_s
  return ((int*)(&strerror_s))[argc];
#else
  (void)argc;
  return 0;
#endif
}

Determining if the __GLIBC__ exist failed with the following output:
Change Dir: /Users/janicduplessis/Developer/react-native/ReactAndroid/hermes-engine/.cxx/MinSizeRel/1g696kf7/armeabi-v7a/CMakeFiles/CMakeTmp

Run Build Command:"/Users/janicduplessis/Library/Android/sdk/cmake/3.10.2.4988404/bin/ninja" "cmTC_22d14"
[1/2] Building C object CMakeFiles/cmTC_22d14.dir/CheckSymbolExists.c.o
FAILED: CMakeFiles/cmTC_22d14.dir/CheckSymbolExists.c.o 
/Users/janicduplessis/Library/Android/sdk/ndk/21.4.7075529/toolchains/llvm/prebuilt/darwin-x86_64/bin/clang --target=armv7-none-linux-androideabi21 --gcc-toolchain=/Users/janicduplessis/Library/Android/sdk/ndk/21.4.7075529/toolchains/llvm/prebuilt/darwin-x86_64 --sysroot=/Users/janicduplessis/Library/Android/sdk/ndk/21.4.7075529/toolchains/llvm/prebuilt/darwin-x86_64/sysroot   -g -DANDROID -fdata-sections -ffunction-sections -funwind-tables -fstack-protector-strong -no-canonical-prefixes -D_FORTIFY_SOURCE=2 -march=armv7-a -mthumb -Wformat -Werror=format-security  -Wall -Wextra -Wno-unused-parameter -Wwrite-strings -Wmissing-field-initializers -Wdelete-non-virtual-dtor  -Werror=unguarded-availability-new -fPIE -o CMakeFiles/cmTC_22d14.dir/CheckSymbolExists.c.o   -c CheckSymbolExists.c
CheckSymbolExists.c:8:19: error: use of undeclared identifier '__GLIBC__'
  return ((int*)(&__GLIBC__))[argc];
                  ^
1 error generated.
ninja: build stopped: subcommand failed.

File /Users/janicduplessis/Developer/react-native/ReactAndroid/hermes-engine/.cxx/MinSizeRel/1g696kf7/armeabi-v7a/CMakeFiles/CMakeTmp/CheckSymbolExists.c:
/* */
#include <stdio.h>

int main(int argc, char** argv)
{
  (void)argv;
#ifndef __GLIBC__
  return ((int*)(&__GLIBC__))[argc];
#else
  (void)argc;
  return 0;
#endif
}

Determining if the sched_getaffinity exist failed with the following output:
Change Dir: /Users/janicduplessis/Developer/react-native/ReactAndroid/hermes-engine/.cxx/MinSizeRel/1g696kf7/armeabi-v7a/CMakeFiles/CMakeTmp

Run Build Command:"/Users/janicduplessis/Library/Android/sdk/cmake/3.10.2.4988404/bin/ninja" "cmTC_00b41"
[1/2] Building C object CMakeFiles/cmTC_00b41.dir/CheckSymbolExists.c.o
FAILED: CMakeFiles/cmTC_00b41.dir/CheckSymbolExists.c.o 
/Users/janicduplessis/Library/Android/sdk/ndk/21.4.7075529/toolchains/llvm/prebuilt/darwin-x86_64/bin/clang --target=armv7-none-linux-androideabi21 --gcc-toolchain=/Users/janicduplessis/Library/Android/sdk/ndk/21.4.7075529/toolchains/llvm/prebuilt/darwin-x86_64 --sysroot=/Users/janicduplessis/Library/Android/sdk/ndk/21.4.7075529/toolchains/llvm/prebuilt/darwin-x86_64/sysroot   -g -DANDROID -fdata-sections -ffunction-sections -funwind-tables -fstack-protector-strong -no-canonical-prefixes -D_FORTIFY_SOURCE=2 -march=armv7-a -mthumb -Wformat -Werror=format-security  -Wall -Wextra -Wno-unused-parameter -Wwrite-strings -Wmissing-field-initializers -Wdelete-non-virtual-dtor  -Werror=unguarded-availability-new -fPIE -o CMakeFiles/cmTC_00b41.dir/CheckSymbolExists.c.o   -c CheckSymbolExists.c
CheckSymbolExists.c:8:19: error: use of undeclared identifier 'sched_getaffinity'
  return ((int*)(&sched_getaffinity))[argc];
                  ^
1 error generated.
ninja: build stopped: subcommand failed.

File /Users/janicduplessis/Developer/react-native/ReactAndroid/hermes-engine/.cxx/MinSizeRel/1g696kf7/armeabi-v7a/CMakeFiles/CMakeTmp/CheckSymbolExists.c:
/* */
#include <sched.h>

int main(int argc, char** argv)
{
  (void)argv;
#ifndef sched_getaffinity
  return ((int*)(&sched_getaffinity))[argc];
#else
  (void)argc;
  return 0;
#endif
}

Determining if the CPU_COUNT exist failed with the following output:
Change Dir: /Users/janicduplessis/Developer/react-native/ReactAndroid/hermes-engine/.cxx/MinSizeRel/1g696kf7/armeabi-v7a/CMakeFiles/CMakeTmp

Run Build Command:"/Users/janicduplessis/Library/Android/sdk/cmake/3.10.2.4988404/bin/ninja" "cmTC_567d5"
[1/2] Building C object CMakeFiles/cmTC_567d5.dir/CheckSymbolExists.c.o
FAILED: CMakeFiles/cmTC_567d5.dir/CheckSymbolExists.c.o 
/Users/janicduplessis/Library/Android/sdk/ndk/21.4.7075529/toolchains/llvm/prebuilt/darwin-x86_64/bin/clang --target=armv7-none-linux-androideabi21 --gcc-toolchain=/Users/janicduplessis/Library/Android/sdk/ndk/21.4.7075529/toolchains/llvm/prebuilt/darwin-x86_64 --sysroot=/Users/janicduplessis/Library/Android/sdk/ndk/21.4.7075529/toolchains/llvm/prebuilt/darwin-x86_64/sysroot   -g -DANDROID -fdata-sections -ffunction-sections -funwind-tables -fstack-protector-strong -no-canonical-prefixes -D_FORTIFY_SOURCE=2 -march=armv7-a -mthumb -Wformat -Werror=format-security  -Wall -Wextra -Wno-unused-parameter -Wwrite-strings -Wmissing-field-initializers -Wdelete-non-virtual-dtor  -Werror=unguarded-availability-new -fPIE -o CMakeFiles/cmTC_567d5.dir/CheckSymbolExists.c.o   -c CheckSymbolExists.c
CheckSymbolExists.c:8:19: error: use of undeclared identifier 'CPU_COUNT'
  return ((int*)(&CPU_COUNT))[argc];
                  ^
1 error generated.
ninja: build stopped: subcommand failed.

File /Users/janicduplessis/Developer/react-native/ReactAndroid/hermes-engine/.cxx/MinSizeRel/1g696kf7/armeabi-v7a/CMakeFiles/CMakeTmp/CheckSymbolExists.c:
/* */
#include <sched.h>

int main(int argc, char** argv)
{
  (void)argv;
#ifndef CPU_COUNT
  return ((int*)(&CPU_COUNT))[argc];
#else
  (void)argc;
  return 0;
#endif
}

Determining if the pthread_getname_np exist failed with the following output:
Change Dir: /Users/janicduplessis/Developer/react-native/ReactAndroid/hermes-engine/.cxx/MinSizeRel/1g696kf7/armeabi-v7a/CMakeFiles/CMakeTmp

Run Build Command:"/Users/janicduplessis/Library/Android/sdk/cmake/3.10.2.4988404/bin/ninja" "cmTC_e9933"
[1/2] Building C object CMakeFiles/cmTC_e9933.dir/CheckSymbolExists.c.o
FAILED: CMakeFiles/cmTC_e9933.dir/CheckSymbolExists.c.o 
/Users/janicduplessis/Library/Android/sdk/ndk/21.4.7075529/toolchains/llvm/prebuilt/darwin-x86_64/bin/clang --target=armv7-none-linux-androideabi21 --gcc-toolchain=/Users/janicduplessis/Library/Android/sdk/ndk/21.4.7075529/toolchains/llvm/prebuilt/darwin-x86_64 --sysroot=/Users/janicduplessis/Library/Android/sdk/ndk/21.4.7075529/toolchains/llvm/prebuilt/darwin-x86_64/sysroot   -g -DANDROID -fdata-sections -ffunction-sections -funwind-tables -fstack-protector-strong -no-canonical-prefixes -D_FORTIFY_SOURCE=2 -march=armv7-a -mthumb -Wformat -Werror=format-security  -Wall -Wextra -Wno-unused-parameter -Wwrite-strings -Wmissing-field-initializers -Wdelete-non-virtual-dtor  -Werror=unguarded-availability-new -fPIE -o CMakeFiles/cmTC_e9933.dir/CheckSymbolExists.c.o   -c CheckSymbolExists.c
CheckSymbolExists.c:8:19: error: use of undeclared identifier 'pthread_getname_np'; did you mean 'pthread_setname_np'?
  return ((int*)(&pthread_getname_np))[argc];
                  ^~~~~~~~~~~~~~~~~~
                  pthread_setname_np
/Users/janicduplessis/Library/Android/sdk/ndk/21.4.7075529/toolchains/llvm/prebuilt/darwin-x86_64/sysroot/usr/include/pthread.h:352:5: note: 'pthread_setname_np' declared here
int pthread_setname_np(pthread_t __pthread, const char* __name);
    ^
1 error generated.
ninja: build stopped: subcommand failed.

File /Users/janicduplessis/Developer/react-native/ReactAndroid/hermes-engine/.cxx/MinSizeRel/1g696kf7/armeabi-v7a/CMakeFiles/CMakeTmp/CheckSymbolExists.c:
/* */
#include <pthread.h>

int main(int argc, char** argv)
{
  (void)argv;
#ifndef pthread_getname_np
  return ((int*)(&pthread_getname_np))[argc];
#else
  (void)argc;
  return 0;
#endif
}

Determining if the function readline exists failed with the following output:
Change Dir: /Users/janicduplessis/Developer/react-native/ReactAndroid/hermes-engine/.cxx/MinSizeRel/1g696kf7/armeabi-v7a/CMakeFiles/CMakeTmp

Run Build Command:"/Users/janicduplessis/Library/Android/sdk/cmake/3.10.2.4988404/bin/ninja" "cmTC_b9f3b"
[1/2] Building C object CMakeFiles/cmTC_b9f3b.dir/CheckFunctionExists.c.o
[2/2] Linking C executable cmTC_b9f3b
FAILED: cmTC_b9f3b 
: && /Users/janicduplessis/Library/Android/sdk/ndk/21.4.7075529/toolchains/llvm/prebuilt/darwin-x86_64/bin/clang --target=armv7-none-linux-androideabi21 --gcc-toolchain=/Users/janicduplessis/Library/Android/sdk/ndk/21.4.7075529/toolchains/llvm/prebuilt/darwin-x86_64 --sysroot=/Users/janicduplessis/Library/Android/sdk/ndk/21.4.7075529/toolchains/llvm/prebuilt/darwin-x86_64/sysroot -g -DANDROID -fdata-sections -ffunction-sections -funwind-tables -fstack-protector-strong -no-canonical-prefixes -D_FORTIFY_SOURCE=2 -march=armv7-a -mthumb -Wformat -Werror=format-security  -Wall -Wextra -Wno-unused-parameter -Wwrite-strings -Wmissing-field-initializers -Wdelete-non-virtual-dtor -DCHECK_FUNCTION_EXISTS=readline  -Wl,--exclude-libs,libgcc.a -Wl,--exclude-libs,libgcc_real.a -Wl,--exclude-libs,libatomic.a -Wl,--build-id -Wl,--fatal-warnings -Wl,--exclude-libs,libunwind.a -Wl,--no-undefined -Qunused-arguments -Wl,--gc-sections CMakeFiles/cmTC_b9f3b.dir/CheckFunctionExists.c.o  -o cmTC_b9f3b  -latomic -lm && :
/Users/janicduplessis/Library/Android/sdk/cmake/3.10.2.4988404/share/cmake-3.10/Modules/CheckFunctionExists.c:17: error: undefined reference to 'readline'
clang: error: linker command failed with exit code 1 (use -v to see invocation)
ninja: build stopped: subcommand failed.


